<?xml version="1.0" encoding="UTF-8"?>
<!-- Generated by org.testng.reporters.JUnitReportReporter -->
<testsuite hostname="DESKTOP-IPN68NT" failures="0" tests="3" name="demomavenjenkin.FirstSampleTest" time="0.035" errors="0" timestamp="21 Jul 2023 10:56:17 GMT">
  <testcase classname="demomavenjenkin.FirstSampleTest" name="testcase2" time="0.011"/>
  <testcase classname="demomavenjenkin.FirstSampleTest" name="testcase1" time="0.016"/>
  <testcase classname="demomavenjenkin.FirstSampleTest" name="testcase3" time="0.008"/>
</testsuite> <!-- demomavenjenkin.FirstSampleTest -->
